POST Data: Array
(
    [name] => Matt Dean
    [company] => Matt Dean
    [email] => matt@dean.com
    [phone] => 07368938360
    [message] => Hi, I am interested in discussing a Our Offices solution, could you please give me a call or send an email?
    [marketing_info] => 1
)
POST Data: Array
(
    [name] => Matt Dean
    [company] => Matt Dean
    [email] => matt@dean.com
    [phone] => 07368938360
    [message] => Hi, I am interested in discussing a Our Offices solution, could you please give me a call or send an email?
    [marketing_info] => 1
)
POST Data: Array
(
    [name] => mattew dean
    [company] => ddssssssssssssssssssssss
    [email] => matt@dean.com
    [phone] => 01235555555
    [message] => Hi, I am interested in discussing a Our Offices solution, could you please give me a call or send an email?
    [marketing_info] => 1
)
POST Data: Array
(
    [name] => mattew dean
    [company] => netmatters
    [email] => matt@dean.com
    [phone] => 01234444444
    [message] => Hi, I am interested in discussing a Our Offices solution, could you please give me a call or send an email? Hi, I am interested in discussing a Our Offices solution, could you please give me a call or send an email?
    [marketing_info] => 1
)
POST Data: Array
(
    [name] => mattew dean
    [company] => netmatters
    [email] => mattjdean88@gmail.com
    [phone] => 01235555555
    [message] => Hi, I am interested in discussing a Our Offices solution, could you please give me a call or send an email? Hi, I am interested in discussing a Our Offices solution, could you please give me a call or send an email?
    [marketing_info] => 1
)
POST Data: Array
(
    [name] => mattew dean
    [company] => netmatters
    [email] => matt@dean.com
    [phone] => 01235555555
    [message] => Hi, I am interested in discussing a Our Offices solution, could you please give me a call or send an email? Hi, I am interested in discussing a Our Offices solution, could you please give me a call or send an email?
    [marketing_info] => 1
)
POST Data: Array
(
    [name] => mattew dean
    [company] => netmatters
    [email] => matt@dean.com
    [phone] => 01245666777
    [message] => Hi, I am interested in discussing a Our Offices solution, could you please give me a call or send an email? Hi, I am interested in discussing a Our Offices solution, could you please give me a call or send an email?
    [marketing_info] => 1
)
POST Data: Array
(
    [name] => mattew dean
    [company] => netmatters
    [email] => matt@dean.com
    [phone] => 01702333333
    [message] => Hi, I am interested in discussing a Our Offices solution, could you please give me a call or send an email? Hi, I am interested in discussing a Our Offices solution, could you please give me a call or send an email?
    [marketing_info] => 1
)
POST Data: Array
(
    [name] => Matt
    [company] => testing
    [email] => mattjdean88@gmail.com
    [phone] => 01235555555
    [message] => Hi, I am interested in discussing a Our Offices solution, could you please give me a call or send an email?
    [marketing_info] => 1
)
POST Data: Array
(
    [name] => matt
    [company] => 
    [email] => ggg@ttt.com
    [phone] => 0987654324
    [message] => Hi, I am interested in discussing a Our Offices solution, could you please give me a call or send an email?
    [marketing_info] => 0
)
POST Data: Array
(
    [name] => ggg
    [company] => 
    [email] => kkk@mmm.com
    [phone] => 05555555555
    [message] => Hi, I am interested in discussing a Our Offices solution, could you please give me a call or send an email?
    [marketing_info] => 0
)
POST Data: Array
(
    [name] => ralph
    [company] => 
    [email] => 444@333.com
    [phone] => 01702333333
    [message] => Hi, I am interested in discussing a Our Offices solution, could you please give me a call or send an email?
    [marketing_info] => 0
)
POST Data: Array
(
    [name] => Mildred
    [company] => fffff
    [email] => ddfdfdd@gmail.com
    [phone] => 44444444444
    [message] => Hi, I am interested in discussing a Our Offices solution, could you please give me a call or send an email?
    [marketing_info] => 1
)
POST Data: Array
(
    [name] => dfdfdfd
    [company] => 
    [email] => fff@gggcc.com
    [phone] => 01702333333
    [message] => Hi, I am interested in discussing a Our Offices solution, could you please give me a call or send an email?
    [marketing_info] => 0
)
POST Data: Array
(
    [name] => tester
    [company] => 
    [email] => 444@333.com
    [phone] => 01702333333
    [message] => Hi, I am interested in discussing a Our Offices solution, could you please give me a call or send an email?
    [marketing_info] => 1
)
