[18-Nov-2024 09:32:31 UTC] Script started.
[18-Nov-2024 09:32:31 UTC] POST request received.
[18-Nov-2024 09:32:31 UTC] Name: Matt Dean, Email: matt@dean.com, Phone: 07368938360, Message: Hi, I am interested in discussing a Our Offices solution, could you please give me a call or send an email?
[18-Nov-2024 09:32:31 UTC] Script finished.
[18-Nov-2024 09:36:07 UTC] Script started.
[18-Nov-2024 09:36:07 UTC] POST request received.
[18-Nov-2024 09:36:07 UTC] Name: Matt Dean, Email: matt@dean.com, Phone: 07368938360, Message: Hi, I am interested in discussing a Our Offices solution, could you please give me a call or send an email?
[18-Nov-2024 09:36:07 UTC] Script finished.
[18-Nov-2024 09:37:36 UTC] Script started.
[18-Nov-2024 09:37:36 UTC] POST request received.
[18-Nov-2024 09:37:36 UTC] Name: mattew dean, Email: matt@dean.com, Phone: 01235555555, Message: Hi, I am interested in discussing a Our Offices solution, could you please give me a call or send an email?
[18-Nov-2024 09:37:36 UTC] Script finished.
[18-Nov-2024 09:46:39 UTC] Script started.
[18-Nov-2024 09:46:39 UTC] POST request received.
[18-Nov-2024 09:46:39 UTC] Name: mattew dean, Email: matt@dean.com, Phone: 01234444444, Message: Hi, I am interested in discussing a Our Offices solution, could you please give me a call or send an email? Hi, I am interested in discussing a Our Offices solution, could you please give me a call or send an email?
[18-Nov-2024 09:46:39 UTC] Script finished.
[18-Nov-2024 09:52:45 UTC] Script started.
[18-Nov-2024 09:52:45 UTC] POST request received.
[18-Nov-2024 09:52:45 UTC] Name: mattew dean, Email: mattjdean88@gmail.com, Phone: 01235555555, Message: Hi, I am interested in discussing a Our Offices solution, could you please give me a call or send an email? Hi, I am interested in discussing a Our Offices solution, could you please give me a call or send an email?
[18-Nov-2024 09:52:45 UTC] Script finished.
[18-Nov-2024 09:59:17 UTC] Script started.
[18-Nov-2024 09:59:17 UTC] POST request received.
[18-Nov-2024 09:59:17 UTC] Name: mattew dean, Email: matt@dean.com, Phone: 01235555555, Message: Hi, I am interested in discussing a Our Offices solution, could you please give me a call or send an email? Hi, I am interested in discussing a Our Offices solution, could you please give me a call or send an email?
[18-Nov-2024 09:59:17 UTC] Script finished.
[18-Nov-2024 10:23:47 UTC] Script started.
[18-Nov-2024 10:23:47 UTC] POST request received.
[18-Nov-2024 10:23:47 UTC] Name: mattew dean, Email: matt@dean.com, Phone: 01245666777, Message: Hi, I am interested in discussing a Our Offices solution, could you please give me a call or send an email? Hi, I am interested in discussing a Our Offices solution, could you please give me a call or send an email?
[18-Nov-2024 10:23:47 UTC] Script finished.
[18-Nov-2024 10:27:53 UTC] Script started.
[18-Nov-2024 10:27:53 UTC] POST request received.
[18-Nov-2024 10:27:53 UTC] Name: mattew dean, Email: matt@dean.com, Phone: 01702333333, Message: Hi, I am interested in discussing a Our Offices solution, could you please give me a call or send an email? Hi, I am interested in discussing a Our Offices solution, could you please give me a call or send an email?
[18-Nov-2024 10:27:53 UTC] Script finished.
[18-Nov-2024 10:35:09 UTC] Script started.
[18-Nov-2024 10:35:09 UTC] POST request received.
[18-Nov-2024 10:35:09 UTC] Name: Matt, Email: mattjdean88@gmail.com, Phone: 01235555555, Message: Hi, I am interested in discussing a Our Offices solution, could you please give me a call or send an email?
[18-Nov-2024 10:35:09 UTC] Script finished.
[18-Nov-2024 10:38:23 UTC] Script started.
[18-Nov-2024 10:38:23 UTC] POST request received.
[18-Nov-2024 10:38:23 UTC] Name: matt, Email: ggg@ttt.com, Phone: 0987654324, Message: Hi, I am interested in discussing a Our Offices solution, could you please give me a call or send an email?
[18-Nov-2024 10:38:23 UTC] Script finished.
[18-Nov-2024 10:41:15 UTC] Script started.
[18-Nov-2024 10:41:15 UTC] POST request received.
[18-Nov-2024 10:41:15 UTC] Name: ggg, Email: kkk@mmm.com, Phone: 05555555555, Message: Hi, I am interested in discussing a Our Offices solution, could you please give me a call or send an email?
[18-Nov-2024 10:41:15 UTC] Script finished.
[18-Nov-2024 10:43:51 UTC] Script started.
[18-Nov-2024 10:43:51 UTC] POST request received.
[18-Nov-2024 10:43:51 UTC] Name: ralph, Email: 444@333.com, Phone: 01702333333, Message: Hi, I am interested in discussing a Our Offices solution, could you please give me a call or send an email?
[18-Nov-2024 10:43:51 UTC] Script finished.
[18-Nov-2024 10:45:36 UTC] Script started.
[18-Nov-2024 10:45:36 UTC] POST request received.
[18-Nov-2024 10:45:36 UTC] Name: Mildred, Email: ddfdfdd@gmail.com, Phone: 44444444444, Message: Hi, I am interested in discussing a Our Offices solution, could you please give me a call or send an email?
[18-Nov-2024 10:45:36 UTC] Script finished.
[18-Nov-2024 10:54:50 UTC] Script started.
[18-Nov-2024 10:54:50 UTC] POST request received.
[18-Nov-2024 10:54:50 UTC] Name: dfdfdfd, Email: fff@gggcc.com, Phone: 01702333333, Message: Hi, I am interested in discussing a Our Offices solution, could you please give me a call or send an email?
[18-Nov-2024 10:54:50 UTC] Script finished.
[18-Nov-2024 10:55:28 UTC] Script started.
[18-Nov-2024 10:55:28 UTC] POST request received.
[18-Nov-2024 10:55:28 UTC] Name: tester, Email: 444@333.com, Phone: 01702333333, Message: Hi, I am interested in discussing a Our Offices solution, could you please give me a call or send an email?
[18-Nov-2024 10:55:28 UTC] Script finished.
